<?xml version="1.0" encoding="UTF-8"?>
<testng-results ignored="0" total="1" passed="1" failed="0" skipped="0">
  <reporter-output>
  </reporter-output>
  <suite started-at="2024-02-26T23:19:46 IST" name="Surefire suite" finished-at="2024-02-26T23:20:06 IST" duration-ms="20066">
    <groups>
    </groups>
    <test started-at="2024-02-26T23:19:46 IST" name="Surefire test" finished-at="2024-02-26T23:20:06 IST" duration-ms="20066">
      <class name="testcases.LoginTest">
        <test-method is-config="true" signature="setUp()[pri:0, instance:testcases.LoginTest@6ae5aa72]" started-at="2024-02-26T23:19:46 IST" name="setUp" finished-at="2024-02-26T23:19:49 IST" duration-ms="2915" status="PASS">
          <reporter-output>
          </reporter-output>
        </test-method> <!-- setUp -->
        <test-method signature="LoginAndFileUploadTest()[pri:0, instance:testcases.LoginTest@6ae5aa72]" started-at="2024-02-26T23:19:49 IST" name="LoginAndFileUploadTest" finished-at="2024-02-26T23:20:06 IST" duration-ms="16950" status="PASS">
          <reporter-output>
          </reporter-output>
        </test-method> <!-- LoginAndFileUploadTest -->
        <test-method is-config="true" signature="tearDown()[pri:0, instance:testcases.LoginTest@6ae5aa72]" started-at="2024-02-26T23:20:06 IST" name="tearDown" finished-at="2024-02-26T23:20:06 IST" duration-ms="159" status="PASS">
          <reporter-output>
          </reporter-output>
        </test-method> <!-- tearDown -->
      </class> <!-- testcases.LoginTest -->
    </test> <!-- Surefire test -->
  </suite> <!-- Surefire suite -->
</testng-results>
