<?xml version="1.0" encoding="UTF-8"?>
<testng-results ignored="0" total="1" passed="1" failed="0" skipped="0">
  <reporter-output>
  </reporter-output>
  <suite started-at="2024-02-26T23:13:28 IST" name="Default suite" finished-at="2024-02-26T23:13:49 IST" duration-ms="21587">
    <groups>
    </groups>
    <test started-at="2024-02-26T23:13:28 IST" name="Default test" finished-at="2024-02-26T23:13:49 IST" duration-ms="21587">
      <class name="testcases.LoginTest">
        <test-method is-config="true" signature="setUp()[pri:0, instance:testcases.LoginTest@1bb266b3]" started-at="2024-02-26T23:13:28 IST" name="setUp" finished-at="2024-02-26T23:13:31 IST" duration-ms="3528" status="PASS">
          <reporter-output>
          </reporter-output>
        </test-method> <!-- setUp -->
        <test-method signature="LoginAndFileUploadTest()[pri:0, instance:testcases.LoginTest@1bb266b3]" started-at="2024-02-26T23:13:31 IST" name="LoginAndFileUploadTest" finished-at="2024-02-26T23:13:49 IST" duration-ms="17780" status="PASS">
          <reporter-output>
          </reporter-output>
        </test-method> <!-- LoginAndFileUploadTest -->
        <test-method is-config="true" signature="tearDown()[pri:0, instance:testcases.LoginTest@1bb266b3]" started-at="2024-02-26T23:13:49 IST" name="tearDown" finished-at="2024-02-26T23:13:49 IST" duration-ms="224" status="PASS">
          <reporter-output>
          </reporter-output>
        </test-method> <!-- tearDown -->
      </class> <!-- testcases.LoginTest -->
    </test> <!-- Default test -->
  </suite> <!-- Default suite -->
</testng-results>
